# JRE version: OpenJDK Runtime Environment (11.0.12+7) (build 11.0.12+7-b1504.28-7817840)
# Java VM: OpenJDK 64-Bit Server VM (11.0.12+7-b1504.28-7817840, mixed mode, tiered, compressed oops, g1 gc, windows-amd64)
Heap:
 garbage-first heap   total 507904K, used 283136K [0x00000000a0000000, 0x0000000100000000)
  region size 1024K, 5 young (5120K), 5 survivors (5120K)
 Metaspace       used 166662K, capacity 171554K, committed 172108K, reserved 1198080K
  class space    used 21224K, capacity 22954K, committed 23116K, reserved 1048576K
GC Heap History (20 events):
Event: 313.918 GC heap after
{Heap after GC invocations=127 (full 0):
 garbage-first heap   total 355328K, used 214224K [0x00000000a0000000, 0x0000000100000000)
  region size 1024K, 3 young (3072K), 3 survivors (3072K)
 Metaspace       used 165034K, capacity 170005K, committed 170188K, reserved 1196032K
  class space    used 21129K, capacity 22927K, committed 22988K, reserved 1048576K
}
Event: 314.627 GC heap before
{Heap before GC invocations=127 (full 0):
 garbage-first heap   total 355328K, used 299216K [0x00000000a0000000, 0x0000000100000000)
  region size 1024K, 87 young (89088K), 3 survivors (3072K)
 Metaspace       used 165101K, capacity 170082K, committed 170188K, reserved 1196032K
  class space    used 21129K, capacity 22928K, committed 22988K, reserved 1048576K
}
Event: 314.639 GC heap after
{Heap after GC invocations=128 (full 0):
 garbage-first heap   total 355328K, used 213957K [0x00000000a0000000, 0x0000000100000000)
  region size 1024K, 2 young (2048K), 2 survivors (2048K)
 Metaspace       used 165101K, capacity 170082K, committed 170188K, reserved 1196032K
  class space    used 21129K, capacity 22928K, committed 22988K, reserved 1048576K
}
Event: 315.443 GC heap before
{Heap before GC invocations=128 (full 0):
 garbage-first heap   total 355328K, used 305093K [0x00000000a0000000, 0x0000000100000000)
  region size 1024K, 91 young (93184K), 2 survivors (2048K)
 Metaspace       used 165128K, capacity 170089K, committed 170188K, reserved 1196032K
  class space    used 21130K, capacity 22929K, committed 22988K, reserved 1048576K
}
Event: 315.454 GC heap after
{Heap after GC invocations=129 (full 0):
 garbage-first heap   total 355328K, used 213753K [0x00000000a0000000, 0x0000000100000000)
  region size 1024K, 2 young (2048K), 2 survivors (2048K)
 Metaspace       used 165128K, capacity 170089K, committed 170188K, reserved 1196032K
  class space    used 21130K, capacity 22929K, committed 22988K, reserved 1048576K
}
Event: 316.396 GC heap before
{Heap before GC invocations=129 (full 0):
 garbage-first heap   total 355328K, used 305913K [0x00000000a0000000, 0x0000000100000000)
  region size 1024K, 92 young (94208K), 2 survivors (2048K)
 Metaspace       used 165145K, capacity 170101K, committed 170188K, reserved 1196032K
  class space    used 21133K, capacity 22933K, committed 22988K, reserved 1048576K
}
Event: 316.406 GC heap after
{Heap after GC invocations=130 (full 0):
 garbage-first heap   total 355328K, used 214217K [0x00000000a0000000, 0x0000000100000000)
  region size 1024K, 3 young (3072K), 3 survivors (3072K)
 Metaspace       used 165145K, capacity 170101K, committed 170188K, reserved 1196032K
  class space    used 21133K, capacity 22933K, committed 22988K, reserved 1048576K
}
Event: 317.319 GC heap before
{Heap before GC invocations=130 (full 0):
 garbage-first heap   total 355328K, used 307401K [0x00000000a0000000, 0x0000000100000000)
  region size 1024K, 93 young (95232K), 3 survivors (3072K)
 Metaspace       used 165422K, capacity 170384K, committed 170444K, reserved 1196032K
  class space    used 21152K, capacity 22972K, committed 22988K, reserved 1048576K
}
Event: 317.332 GC heap after
{Heap after GC invocations=131 (full 0):
 garbage-first heap   total 355328K, used 213426K [0x00000000a0000000, 0x0000000100000000)
  region size 1024K, 2 young (2048K), 2 survivors (2048K)
 Metaspace       used 165422K, capacity 170384K, committed 170444K, reserved 1196032K
  class space    used 21152K, capacity 22972K, committed 22988K, reserved 1048576K
}
Event: 317.722 GC heap before
{Heap before GC invocations=131 (full 0):
 garbage-first heap   total 355328K, used 258482K [0x00000000a0000000, 0x0000000100000000)
  region size 1024K, 31 young (31744K), 2 survivors (2048K)
 Metaspace       used 165932K, capacity 170865K, committed 171084K, reserved 1198080K
  class space    used 21221K, capacity 23017K, committed 23116K, reserved 1048576K
}
Event: 317.739 GC heap after
{Heap after GC invocations=132 (full 0):
 garbage-first heap   total 355328K, used 235235K [0x00000000a0000000, 0x0000000100000000)
  region size 1024K, 9 young (9216K), 9 survivors (9216K)
 Metaspace       used 165932K, capacity 170865K, committed 171084K, reserved 1198080K
  class space    used 21221K, capacity 23017K, committed 23116K, reserved 1048576K
}
Event: 318.702 GC heap before
{Heap before GC invocations=133 (full 0):
 garbage-first heap   total 355328K, used 317155K [0x00000000a0000000, 0x0000000100000000)
  region size 1024K, 72 young (73728K), 9 survivors (9216K)
 Metaspace       used 166225K, capacity 171084K, committed 171596K, reserved 1198080K
  class space    used 21183K, capacity 22928K, committed 23116K, reserved 1048576K
}
Event: 318.765 GC heap after
{Heap after GC invocations=134 (full 0):
 garbage-first heap   total 355328K, used 259437K [0x00000000a0000000, 0x0000000100000000)
  region size 1024K, 9 young (9216K), 9 survivors (9216K)
 Metaspace       used 166225K, capacity 171084K, committed 171596K, reserved 1198080K
  class space    used 21183K, capacity 22928K, committed 23116K, reserved 1048576K
}
Event: 318.881 GC heap before
{Heap before GC invocations=134 (full 0):
 garbage-first heap   total 355328K, used 268653K [0x00000000a0000000, 0x0000000100000000)
  region size 1024K, 17 young (17408K), 9 survivors (9216K)
 Metaspace       used 166487K, capacity 171340K, committed 171852K, reserved 1198080K
  class space    used 21217K, capacity 22951K, committed 23116K, reserved 1048576K
}
Event: 318.947 GC heap after
{Heap after GC invocations=135 (full 0):
 garbage-first heap   total 355328K, used 235834K [0x00000000a0000000, 0x0000000100000000)
  region size 1024K, 3 young (3072K), 3 survivors (3072K)
 Metaspace       used 166487K, capacity 171340K, committed 171852K, reserved 1198080K
  class space    used 21217K, capacity 22951K, committed 23116K, reserved 1048576K
}
Event: 319.135 GC heap before
{Heap before GC invocations=135 (full 0):
 garbage-first heap   total 355328K, used 249146K [0x00000000a0000000, 0x0000000100000000)
  region size 1024K, 17 young (17408K), 3 survivors (3072K)
 Metaspace       used 166585K, capacity 171479K, committed 171852K, reserved 1198080K
  class space    used 21217K, capacity 22951K, committed 23116K, reserved 1048576K
}
Event: 319.170 GC heap after
{Heap after GC invocations=136 (full 0):
 garbage-first heap   total 355328K, used 243200K [0x00000000a0000000, 0x0000000100000000)
  region size 1024K, 3 young (3072K), 3 survivors (3072K)
 Metaspace       used 166585K, capacity 171479K, committed 171852K, reserved 1198080K
  class space    used 21217K, capacity 22951K, committed 23116K, reserved 1048576K
}
Event: 319.535 GC heap before
{Heap before GC invocations=136 (full 0):
 garbage-first heap   total 355328K, used 290304K [0x00000000a0000000, 0x0000000100000000)
  region size 1024K, 49 young (50176K), 3 survivors (3072K)
 Metaspace       used 166648K, capacity 171490K, committed 171852K, reserved 1198080K
  class space    used 21224K, capacity 22954K, committed 23116K, reserved 1048576K
}
Event: 319.592 GC heap after
{Heap after GC invocations=137 (full 0):
 garbage-first heap   total 355328K, used 268161K [0x00000000a0000000, 0x0000000100000000)
  region size 1024K, 7 young (7168K), 7 survivors (7168K)
 Metaspace       used 166648K, capacity 171490K, committed 171852K, reserved 1198080K
  class space    used 21224K, capacity 22954K, committed 23116K, reserved 1048576K
}
Event: 319.825 GC heap before
{Heap before GC invocations=137 (full 0):
 garbage-first heap   total 355328K, used 293761K [0x00000000a0000000, 0x0000000100000000)
  region size 1024K, 33 young (33792K), 7 survivors (7168K)
 Metaspace       used 166662K, capacity 171554K, committed 172108K, reserved 1198080K
  class space    used 21224K, capacity 22954K, committed 23116K, reserved 1048576K
}

