# JRE version: OpenJDK Runtime Environment (11.0.12+7) (build 11.0.12+7-b1504.28-7817840)
# Java VM: OpenJDK 64-Bit Server VM (11.0.12+7-b1504.28-7817840, mixed mode, tiered, compressed oops, g1 gc, windows-amd64)
Heap:
 garbage-first heap   total 529408K, used 311808K [0x00000000a0000000, 0x0000000100000000)
  region size 1024K, 13 young (13312K), 13 survivors (13312K)
 Metaspace       used 133622K, capacity 137236K, committed 137472K, reserved 1169408K
  class space    used 16435K, capacity 17814K, committed 17920K, reserved 1048576K
GC Heap History (20 events):
Event: 1174.415 GC heap after
{Heap after GC invocations=106 (full 0):
 garbage-first heap   total 485376K, used 247535K [0x00000000a0000000, 0x0000000100000000)
  region size 1024K, 13 young (13312K), 13 survivors (13312K)
 Metaspace       used 133248K, capacity 136858K, committed 137088K, reserved 1169408K
  class space    used 16414K, capacity 17788K, committed 17792K, reserved 1048576K
}
Event: 1175.640 GC heap before
{Heap before GC invocations=106 (full 0):
 garbage-first heap   total 485376K, used 422639K [0x00000000a0000000, 0x0000000100000000)
  region size 1024K, 184 young (188416K), 13 survivors (13312K)
 Metaspace       used 133260K, capacity 136869K, committed 137088K, reserved 1169408K
  class space    used 16416K, capacity 17792K, committed 17792K, reserved 1048576K
}
Event: 1175.680 GC heap after
{Heap after GC invocations=107 (full 0):
 garbage-first heap   total 485376K, used 249587K [0x00000000a0000000, 0x0000000100000000)
  region size 1024K, 14 young (14336K), 14 survivors (14336K)
 Metaspace       used 133260K, capacity 136869K, committed 137088K, reserved 1169408K
  class space    used 16416K, capacity 17792K, committed 17792K, reserved 1048576K
}
Event: 1176.654 GC heap before
{Heap before GC invocations=107 (full 0):
 garbage-first heap   total 485376K, used 420595K [0x00000000a0000000, 0x0000000100000000)
  region size 1024K, 181 young (185344K), 14 survivors (14336K)
 Metaspace       used 133272K, capacity 136935K, committed 137216K, reserved 1169408K
  class space    used 16417K, capacity 17793K, committed 17920K, reserved 1048576K
}
Event: 1176.692 GC heap after
{Heap after GC invocations=108 (full 0):
 garbage-first heap   total 485376K, used 250004K [0x00000000a0000000, 0x0000000100000000)
  region size 1024K, 13 young (13312K), 13 survivors (13312K)
 Metaspace       used 133272K, capacity 136935K, committed 137216K, reserved 1169408K
  class space    used 16417K, capacity 17793K, committed 17920K, reserved 1048576K
}
Event: 1177.876 GC heap before
{Heap before GC invocations=108 (full 0):
 garbage-first heap   total 485376K, used 426132K [0x00000000a0000000, 0x0000000100000000)
  region size 1024K, 181 young (185344K), 13 survivors (13312K)
 Metaspace       used 133439K, capacity 137092K, committed 137472K, reserved 1169408K
  class space    used 16418K, capacity 17794K, committed 17920K, reserved 1048576K
}
Event: 1177.920 GC heap after
{Heap after GC invocations=109 (full 0):
 garbage-first heap   total 485376K, used 254287K [0x00000000a0000000, 0x0000000100000000)
  region size 1024K, 14 young (14336K), 14 survivors (14336K)
 Metaspace       used 133439K, capacity 137092K, committed 137472K, reserved 1169408K
  class space    used 16418K, capacity 17794K, committed 17920K, reserved 1048576K
}
Event: 1178.670 GC heap before
{Heap before GC invocations=109 (full 0):
 garbage-first heap   total 485376K, used 422223K [0x00000000a0000000, 0x0000000100000000)
  region size 1024K, 177 young (181248K), 14 survivors (14336K)
 Metaspace       used 133477K, capacity 137108K, committed 137472K, reserved 1169408K
  class space    used 16420K, capacity 17796K, committed 17920K, reserved 1048576K
}
Event: 1178.738 GC heap after
{Heap after GC invocations=110 (full 0):
 garbage-first heap   total 485376K, used 263458K [0x00000000a0000000, 0x0000000100000000)
  region size 1024K, 23 young (23552K), 23 survivors (23552K)
 Metaspace       used 133477K, capacity 137108K, committed 137472K, reserved 1169408K
  class space    used 16420K, capacity 17796K, committed 17920K, reserved 1048576K
}
Event: 1179.407 GC heap before
{Heap before GC invocations=110 (full 0):
 garbage-first heap   total 485376K, used 411938K [0x00000000a0000000, 0x0000000100000000)
  region size 1024K, 168 young (172032K), 23 survivors (23552K)
 Metaspace       used 133523K, capacity 137117K, committed 137472K, reserved 1169408K
  class space    used 16424K, capacity 17797K, committed 17920K, reserved 1048576K
}
Event: 1179.457 GC heap after
{Heap after GC invocations=111 (full 0):
 garbage-first heap   total 485376K, used 260610K [0x00000000a0000000, 0x0000000100000000)
  region size 1024K, 9 young (9216K), 9 survivors (9216K)
 Metaspace       used 133523K, capacity 137117K, committed 137472K, reserved 1169408K
  class space    used 16424K, capacity 17797K, committed 17920K, reserved 1048576K
}
Event: 1180.126 GC heap before
{Heap before GC invocations=111 (full 0):
 garbage-first heap   total 485376K, used 413186K [0x00000000a0000000, 0x0000000100000000)
  region size 1024K, 158 young (161792K), 9 survivors (9216K)
 Metaspace       used 133539K, capacity 137184K, committed 137472K, reserved 1169408K
  class space    used 16424K, capacity 17797K, committed 17920K, reserved 1048576K
}
Event: 1180.146 GC heap after
{Heap after GC invocations=112 (full 0):
 garbage-first heap   total 485376K, used 266754K [0x00000000a0000000, 0x0000000100000000)
  region size 1024K, 15 young (15360K), 15 survivors (15360K)
 Metaspace       used 133539K, capacity 137184K, committed 137472K, reserved 1169408K
  class space    used 16424K, capacity 17797K, committed 17920K, reserved 1048576K
}
Event: 1180.742 GC heap before
{Heap before GC invocations=112 (full 0):
 garbage-first heap   total 485376K, used 409090K [0x00000000a0000000, 0x0000000100000000)
  region size 1024K, 154 young (157696K), 15 survivors (15360K)
 Metaspace       used 133596K, capacity 137229K, committed 137472K, reserved 1169408K
  class space    used 16434K, capacity 17813K, committed 17920K, reserved 1048576K
}
Event: 1180.775 GC heap after
{Heap after GC invocations=113 (full 0):
 garbage-first heap   total 485376K, used 278081K [0x00000000a0000000, 0x0000000100000000)
  region size 1024K, 20 young (20480K), 20 survivors (20480K)
 Metaspace       used 133596K, capacity 137229K, committed 137472K, reserved 1169408K
  class space    used 16434K, capacity 17813K, committed 17920K, reserved 1048576K
}
Event: 1181.346 GC heap before
{Heap before GC invocations=113 (full 0):
 garbage-first heap   total 485376K, used 399937K [0x00000000a0000000, 0x0000000100000000)
  region size 1024K, 139 young (142336K), 20 survivors (20480K)
 Metaspace       used 133612K, capacity 137235K, committed 137472K, reserved 1169408K
  class space    used 16435K, capacity 17814K, committed 17920K, reserved 1048576K
}
Event: 1181.405 GC heap after
{Heap after GC invocations=114 (full 0):
 garbage-first heap   total 485376K, used 289792K [0x00000000a0000000, 0x0000000100000000)
  region size 1024K, 18 young (18432K), 18 survivors (18432K)
 Metaspace       used 133612K, capacity 137235K, committed 137472K, reserved 1169408K
  class space    used 16435K, capacity 17814K, committed 17920K, reserved 1048576K
}
Event: 1182.079 GC heap before
{Heap before GC invocations=114 (full 0):
 garbage-first heap   total 485376K, used 400384K [0x00000000a0000000, 0x0000000100000000)
  region size 1024K, 125 young (128000K), 18 survivors (18432K)
 Metaspace       used 133618K, capacity 137236K, committed 137472K, reserved 1169408K
  class space    used 16435K, capacity 17814K, committed 17920K, reserved 1048576K
}
Event: 1182.130 GC heap after
{Heap after GC invocations=115 (full 0):
 garbage-first heap   total 485376K, used 301056K [0x00000000a0000000, 0x0000000100000000)
  region size 1024K, 13 young (13312K), 13 survivors (13312K)
 Metaspace       used 133618K, capacity 137236K, committed 137472K, reserved 1169408K
  class space    used 16435K, capacity 17814K, committed 17920K, reserved 1048576K
}
Event: 1182.476 GC heap before
{Heap before GC invocations=115 (full 0):
 garbage-first heap   total 485376K, used 402432K [0x00000000a0000000, 0x0000000100000000)
  region size 1024K, 112 young (114688K), 13 survivors (13312K)
 Metaspace       used 133622K, capacity 137236K, committed 137472K, reserved 1169408K
  class space    used 16435K, capacity 17814K, committed 17920K, reserved 1048576K
}

