# JRE version: OpenJDK Runtime Environment (11.0.12+7) (build 11.0.12+7-b1504.28-7817840)
# Java VM: OpenJDK 64-Bit Server VM (11.0.12+7-b1504.28-7817840, mixed mode, tiered, compressed oops, g1 gc, windows-amd64)
Heap:
 garbage-first heap   total 157696K, used 34045K [0x00000000a0000000, 0x0000000100000000)
  region size 1024K, 5 young (5120K), 5 survivors (5120K)
 Metaspace       used 32842K, capacity 33699K, committed 33792K, reserved 1085440K
  class space    used 4437K, capacity 4784K, committed 4864K, reserved 1048576K
GC Heap History (15 events):
Event: 0.675 GC heap before
{Heap before GC invocations=0 (full 0):
 garbage-first heap   total 131072K, used 16384K [0x00000000a0000000, 0x0000000100000000)
  region size 1024K, 14 young (14336K), 0 survivors (0K)
 Metaspace       used 6730K, capacity 6929K, committed 7168K, reserved 1056768K
  class space    used 582K, capacity 650K, committed 768K, reserved 1048576K
}
Event: 0.681 GC heap after
{Heap after GC invocations=1 (full 0):
 garbage-first heap   total 131072K, used 4486K [0x00000000a0000000, 0x0000000100000000)
  region size 1024K, 2 young (2048K), 2 survivors (2048K)
 Metaspace       used 6730K, capacity 6929K, committed 7168K, reserved 1056768K
  class space    used 582K, capacity 650K, committed 768K, reserved 1048576K
}
Event: 1.328 GC heap before
{Heap before GC invocations=1 (full 0):
 garbage-first heap   total 131072K, used 19846K [0x00000000a0000000, 0x0000000100000000)
  region size 1024K, 14 young (14336K), 2 survivors (2048K)
 Metaspace       used 9905K, capacity 10122K, committed 10368K, reserved 1058816K
  class space    used 1027K, capacity 1102K, committed 1152K, reserved 1048576K
}
Event: 1.333 GC heap after
{Heap after GC invocations=2 (full 0):
 garbage-first heap   total 131072K, used 9305K [0x00000000a0000000, 0x0000000100000000)
  region size 1024K, 2 young (2048K), 2 survivors (2048K)
 Metaspace       used 9905K, capacity 10122K, committed 10368K, reserved 1058816K
  class space    used 1027K, capacity 1102K, committed 1152K, reserved 1048576K
}
Event: 2.031 GC heap before
{Heap before GC invocations=2 (full 0):
 garbage-first heap   total 131072K, used 39001K [0x00000000a0000000, 0x0000000100000000)
  region size 1024K, 31 young (31744K), 2 survivors (2048K)
 Metaspace       used 10852K, capacity 11077K, committed 11264K, reserved 1058816K
  class space    used 1130K, capacity 1207K, committed 1280K, reserved 1048576K
}
Event: 2.036 GC heap after
{Heap after GC invocations=3 (full 0):
 garbage-first heap   total 131072K, used 12643K [0x00000000a0000000, 0x0000000100000000)
  region size 1024K, 4 young (4096K), 4 survivors (4096K)
 Metaspace       used 10852K, capacity 11077K, committed 11264K, reserved 1058816K
  class space    used 1130K, capacity 1207K, committed 1280K, reserved 1048576K
}
Event: 3.948 GC heap before
{Heap before GC invocations=3 (full 0):
 garbage-first heap   total 131072K, used 55651K [0x00000000a0000000, 0x0000000100000000)
  region size 1024K, 47 young (48128K), 4 survivors (4096K)
 Metaspace       used 17996K, capacity 18376K, committed 18432K, reserved 1064960K
  class space    used 2128K, capacity 2290K, committed 2304K, reserved 1048576K
}
Event: 3.959 GC heap after
{Heap after GC invocations=4 (full 0):
 garbage-first heap   total 131072K, used 16124K [0x00000000a0000000, 0x0000000100000000)
  region size 1024K, 6 young (6144K), 6 survivors (6144K)
 Metaspace       used 17996K, capacity 18376K, committed 18432K, reserved 1064960K
  class space    used 2128K, capacity 2290K, committed 2304K, reserved 1048576K
}
Event: 4.309 GC heap before
{Heap before GC invocations=4 (full 0):
 garbage-first heap   total 131072K, used 40700K [0x00000000a0000000, 0x0000000100000000)
  region size 1024K, 31 young (31744K), 6 survivors (6144K)
 Metaspace       used 20730K, capacity 21156K, committed 21248K, reserved 1067008K
  class space    used 2546K, capacity 2727K, committed 2816K, reserved 1048576K
}
Event: 4.317 GC heap after
{Heap after GC invocations=5 (full 0):
 garbage-first heap   total 131072K, used 17348K [0x00000000a0000000, 0x0000000100000000)
  region size 1024K, 5 young (5120K), 5 survivors (5120K)
 Metaspace       used 20730K, capacity 21156K, committed 21248K, reserved 1067008K
  class space    used 2546K, capacity 2727K, committed 2816K, reserved 1048576K
}
Event: 5.388 GC heap before
{Heap before GC invocations=6 (full 0):
 garbage-first heap   total 131072K, used 69572K [0x00000000a0000000, 0x0000000100000000)
  region size 1024K, 56 young (57344K), 5 survivors (5120K)
 Metaspace       used 26276K, capacity 26830K, committed 27008K, reserved 1073152K
  class space    used 3397K, capacity 3602K, committed 3712K, reserved 1048576K
}
Event: 5.399 GC heap after
{Heap after GC invocations=7 (full 0):
 garbage-first heap   total 131072K, used 19100K [0x00000000a0000000, 0x0000000100000000)
  region size 1024K, 3 young (3072K), 3 survivors (3072K)
 Metaspace       used 26276K, capacity 26830K, committed 27008K, reserved 1073152K
  class space    used 3397K, capacity 3602K, committed 3712K, reserved 1048576K
}
Event: 7.388 GC heap before
{Heap before GC invocations=7 (full 0):
 garbage-first heap   total 131072K, used 85660K [0x00000000a0000000, 0x0000000100000000)
  region size 1024K, 58 young (59392K), 3 survivors (3072K)
 Metaspace       used 31218K, capacity 32081K, committed 32256K, reserved 1077248K
  class space    used 4186K, capacity 4499K, committed 4608K, reserved 1048576K
}
Event: 7.403 GC heap after
{Heap after GC invocations=8 (full 0):
 garbage-first heap   total 131072K, used 33239K [0x00000000a0000000, 0x0000000100000000)
  region size 1024K, 7 young (7168K), 7 survivors (7168K)
 Metaspace       used 31218K, capacity 32081K, committed 32256K, reserved 1077248K
  class space    used 4186K, capacity 4499K, committed 4608K, reserved 1048576K
}
Event: 7.921 GC heap before
{Heap before GC invocations=8 (full 0):
 garbage-first heap   total 131072K, used 45527K [0x00000000a0000000, 0x0000000100000000)
  region size 1024K, 20 young (20480K), 7 survivors (7168K)
 Metaspace       used 32842K, capacity 33699K, committed 33792K, reserved 1085440K
  class space    used 4437K, capacity 4784K, committed 4864K, reserved 1048576K
}

